2025-07-09 11:34:05 INFO  Application:53 - Starting Application using Java 24 with PID 50716 (/Users/anthonyikeda/work/git/chatty-api/target/classes started by anthonyikeda in /Users/anthonyikeda/work/git/chatty-api)
2025-07-09 11:34:05 INFO  Application:53 - Starting Application using Java 24 with PID 50716 (/Users/anthonyikeda/work/git/chatty-api/target/classes started by anthonyikeda in /Users/anthonyikeda/work/git/chatty-api)
2025-07-09 11:34:05 DEBUG Application:54 - Running with Spring Boot v3.5.3, Spring v6.2.8
2025-07-09 11:34:05 DEBUG Application:54 - Running with Spring Boot v3.5.3, Spring v6.2.8
2025-07-09 11:34:05 INFO  Application:652 - No active profile set, falling back to 1 default profile: "default"
2025-07-09 11:34:05 INFO  Application:652 - No active profile set, falling back to 1 default profile: "default"
2025-07-09 11:34:05 INFO  RepositoryConfigurationDelegate:145 - Bootstrapping Spring Data JPA repositories in DEFAULT mode.
2025-07-09 11:34:06 INFO  RepositoryConfigurationDelegate:213 - Finished Spring Data repository scanning in 62 ms. Found 6 JPA repository interfaces.
2025-07-09 11:34:06 INFO  TomcatWebServer:111 - Tomcat initialized with port 8070 (http)
2025-07-09 11:34:06 INFO  Http11NioProtocol:168 - Initializing ProtocolHandler ["http-nio-8070"]
2025-07-09 11:34:06 INFO  StandardService:168 - Starting service [Tomcat]
2025-07-09 11:34:06 INFO  StandardEngine:168 - Starting Servlet engine: [Apache Tomcat/10.1.42]
2025-07-09 11:34:06 INFO  [/]:168 - Initializing Spring embedded WebApplicationContext
2025-07-09 11:34:06 INFO  ServletWebServerApplicationContext:301 - Root WebApplicationContext: initialization completed in 690 ms
2025-07-09 11:34:06 INFO  HikariDataSource:109 - HikariPool-1 - Starting...
2025-07-09 11:34:06 INFO  HikariPool:575 - HikariPool-1 - Added connection org.postgresql.jdbc.PgConnection@5fc1e4fb
2025-07-09 11:34:06 INFO  HikariDataSource:122 - HikariPool-1 - Start completed.
2025-07-09 11:34:06 INFO  LogHelper:31 - HHH000204: Processing PersistenceUnitInfo [name: default]
2025-07-09 11:34:06 INFO  Version:44 - HHH000412: Hibernate ORM core version 6.6.18.Final
2025-07-09 11:34:06 INFO  RegionFactoryInitiator:50 - HHH000026: Second-level cache disabled
2025-07-09 11:34:06 INFO  SpringPersistenceUnitInfo:87 - No LoadTimeWeaver setup: ignoring JPA class transformer
2025-07-09 11:34:06 WARN  deprecation:153 - HHH90000025: PostgreSQLDialect does not need to be specified explicitly using 'hibernate.dialect' (remove the property setting and it will be selected by default)
2025-07-09 11:34:06 INFO  pooling:163 - HHH10001005: Database info:
	Database JDBC URL [Connecting through datasource 'HikariDataSource (HikariPool-1)']
	Database driver: undefined/unknown
	Database version: 17.5
	Autocommit mode: undefined/unknown
	Isolation level: undefined/unknown
	Minimum pool size: undefined/unknown
	Maximum pool size: undefined/unknown
2025-07-09 11:34:06 INFO  JtaPlatformInitiator:59 - HHH000489: No JTA platform available (set 'hibernate.transaction.jta.platform' to enable JTA platform integration)
2025-07-09 11:34:06 INFO  LocalContainerEntityManagerFactoryBean:447 - Initialized JPA EntityManagerFactory for persistence unit 'default'
2025-07-09 11:34:06 INFO  SocketIOServer:146 - Session store / pubsub factory used: MemoryStoreFactory (local session store only)
2025-07-09 11:34:07 INFO  SocketIOServer:171 - SocketIO server started at port: 8081
2025-07-09 11:34:07 INFO  QueryEnhancerFactory:49 - Hibernate is in classpath; If applicable, HQL parser will be used.
2025-07-09 11:34:07 INFO  SocketIOConfig:41 - Client connected: 79c0efda-f00c-4fcc-b237-ed1ee637a5c3
2025-07-09 11:34:07 INFO  SocketIOConfig:41 - Client connected: 79c0efda-f00c-4fcc-b237-ed1ee637a5c3
2025-07-09 11:34:07 INFO  SocketIOConfig:41 - Client connected: f0d551d8-8f51-4cb8-8e4f-3184dde27b53
2025-07-09 11:34:07 INFO  SocketIOConfig:41 - Client connected: f0d551d8-8f51-4cb8-8e4f-3184dde27b53
2025-07-09 11:34:07 WARN  JpaBaseConfiguration$JpaWebConfiguration:258 - spring.jpa.open-in-view is enabled by default. Therefore, database queries may be performed during view rendering. Explicitly configure spring.jpa.open-in-view to disable this warning
2025-07-09 11:34:07 INFO  SocketIOConfig:41 - Client connected: 90c672dd-541b-4ee7-8895-fa723d896674
2025-07-09 11:34:07 INFO  SocketIOConfig:41 - Client connected: 90c672dd-541b-4ee7-8895-fa723d896674
2025-07-09 11:34:07 INFO  EndpointLinksResolver:60 - Exposing 1 endpoint beneath base path '/actuator'
2025-07-09 11:34:07 INFO  SocketIOConfig:41 - Client connected: 06d7047a-827f-4d1f-98f1-8892bd262b54
2025-07-09 11:34:07 INFO  SocketIOConfig:41 - Client connected: 06d7047a-827f-4d1f-98f1-8892bd262b54
2025-07-09 11:34:07 INFO  Http11NioProtocol:168 - Starting ProtocolHandler ["http-nio-8070"]
2025-07-09 11:34:07 INFO  TomcatWebServer:243 - Tomcat started on port 8070 (http) with context path '/'
2025-07-09 11:34:07 INFO  Application:59 - Started Application in 2.433 seconds (process running for 2.731)
2025-07-09 11:34:07 INFO  Application:59 - Started Application in 2.433 seconds (process running for 2.731)
2025-07-09 11:34:08 INFO  SocketIOConfig:41 - Client connected: 3279f11c-8a14-411b-a916-8eef11c0cbf9
2025-07-09 11:34:08 INFO  SocketIOConfig:41 - Client connected: 3279f11c-8a14-411b-a916-8eef11c0cbf9
2025-07-09 11:34:08 INFO  SocketIOConfig:41 - Client connected: 98b337c5-6b58-4d5e-9169-6daa50a45ed5
2025-07-09 11:34:08 INFO  SocketIOConfig:41 - Client connected: 98b337c5-6b58-4d5e-9169-6daa50a45ed5
2025-07-09 11:34:09 INFO  SocketIOConfig:41 - Client connected: c233d9df-f94e-411b-83c3-bb11f3f15bee
2025-07-09 11:34:09 INFO  SocketIOConfig:41 - Client connected: c233d9df-f94e-411b-83c3-bb11f3f15bee
2025-07-09 11:34:10 INFO  SocketIOConfig:41 - Client connected: 2ce54f5c-097a-4a9c-a839-cb19c2e6df73
2025-07-09 11:34:10 INFO  SocketIOConfig:41 - Client connected: 2ce54f5c-097a-4a9c-a839-cb19c2e6df73
2025-07-09 11:34:10 INFO  SocketIOConfig:41 - Client connected: c05b06d2-58bc-4851-9ca3-09650e9e3a4a
2025-07-09 11:34:10 INFO  SocketIOConfig:41 - Client connected: c05b06d2-58bc-4851-9ca3-09650e9e3a4a
2025-07-09 11:34:10 INFO  SocketIOConfig:41 - Client connected: ab0b93aa-6f27-4601-9367-3511da76f240
2025-07-09 11:34:10 INFO  SocketIOConfig:41 - Client connected: ab0b93aa-6f27-4601-9367-3511da76f240
2025-07-09 11:34:10 INFO  SocketIOConfig:41 - Client connected: db3c5b00-15d6-4b14-8ce7-9669f83ef28e
2025-07-09 11:34:10 INFO  SocketIOConfig:41 - Client connected: db3c5b00-15d6-4b14-8ce7-9669f83ef28e
2025-07-09 11:35:01 INFO  GracefulShutdown:54 - Commencing graceful shutdown. Waiting for active requests to complete
2025-07-09 11:35:03 INFO  GracefulShutdown:76 - Graceful shutdown complete
2025-07-09 11:35:03 INFO  SocketIOConfig:50 - Shutting down SocketIO Server...
2025-07-09 11:35:03 INFO  SocketIOConfig:50 - Shutting down SocketIO Server...
2025-07-09 11:35:05 INFO  SocketIOConfig:42 - Client disconnected: 98b337c5-6b58-4d5e-9169-6daa50a45ed5
2025-07-09 11:35:05 INFO  SocketIOConfig:42 - Client disconnected: 79c0efda-f00c-4fcc-b237-ed1ee637a5c3
2025-07-09 11:35:05 INFO  SocketIOConfig:42 - Client disconnected: 98b337c5-6b58-4d5e-9169-6daa50a45ed5
2025-07-09 11:35:05 INFO  SocketIOConfig:42 - Client disconnected: 79c0efda-f00c-4fcc-b237-ed1ee637a5c3
2025-07-09 11:35:05 INFO  SocketIOConfig:42 - Client disconnected: c05b06d2-58bc-4851-9ca3-09650e9e3a4a
2025-07-09 11:35:05 INFO  SocketIOConfig:42 - Client disconnected: c05b06d2-58bc-4851-9ca3-09650e9e3a4a
2025-07-09 11:35:05 INFO  SocketIOConfig:42 - Client disconnected: 2ce54f5c-097a-4a9c-a839-cb19c2e6df73
2025-07-09 11:35:05 INFO  SocketIOConfig:42 - Client disconnected: f0d551d8-8f51-4cb8-8e4f-3184dde27b53
2025-07-09 11:35:05 INFO  SocketIOConfig:42 - Client disconnected: 2ce54f5c-097a-4a9c-a839-cb19c2e6df73
2025-07-09 11:35:05 INFO  SocketIOConfig:42 - Client disconnected: db3c5b00-15d6-4b14-8ce7-9669f83ef28e
2025-07-09 11:35:05 INFO  SocketIOConfig:42 - Client disconnected: db3c5b00-15d6-4b14-8ce7-9669f83ef28e
2025-07-09 11:35:05 INFO  SocketIOConfig:42 - Client disconnected: f0d551d8-8f51-4cb8-8e4f-3184dde27b53
2025-07-09 11:35:05 INFO  SocketIOConfig:42 - Client disconnected: c233d9df-f94e-411b-83c3-bb11f3f15bee
2025-07-09 11:35:05 INFO  SocketIOConfig:42 - Client disconnected: c233d9df-f94e-411b-83c3-bb11f3f15bee
2025-07-09 11:35:05 INFO  SocketIOConfig:42 - Client disconnected: ab0b93aa-6f27-4601-9367-3511da76f240
2025-07-09 11:35:05 INFO  SocketIOConfig:42 - Client disconnected: ab0b93aa-6f27-4601-9367-3511da76f240
2025-07-09 11:35:05 INFO  SocketIOConfig:42 - Client disconnected: 3279f11c-8a14-411b-a916-8eef11c0cbf9
2025-07-09 11:35:05 INFO  SocketIOConfig:42 - Client disconnected: 90c672dd-541b-4ee7-8895-fa723d896674
2025-07-09 11:35:05 INFO  SocketIOConfig:42 - Client disconnected: 3279f11c-8a14-411b-a916-8eef11c0cbf9
2025-07-09 11:35:05 INFO  SocketIOConfig:42 - Client disconnected: 06d7047a-827f-4d1f-98f1-8892bd262b54
2025-07-09 11:35:05 INFO  SocketIOConfig:42 - Client disconnected: 06d7047a-827f-4d1f-98f1-8892bd262b54
2025-07-09 11:35:05 INFO  SocketIOConfig:42 - Client disconnected: 90c672dd-541b-4ee7-8895-fa723d896674
2025-07-09 11:35:07 INFO  SocketIOServer:221 - SocketIO server stopped
2025-07-09 11:35:07 INFO  SocketIOConfig:52 - SocketIO Server shut down...
2025-07-09 11:35:07 INFO  SocketIOConfig:52 - SocketIO Server shut down...
2025-07-09 11:35:07 INFO  LocalContainerEntityManagerFactoryBean:660 - Closing JPA EntityManagerFactory for persistence unit 'default'
2025-07-09 11:35:07 INFO  HikariDataSource:349 - HikariPool-1 - Shutdown initiated...
2025-07-09 11:35:07 INFO  HikariDataSource:351 - HikariPool-1 - Shutdown completed.
2025-07-09 11:35:17 INFO  AnnotationConfigContextLoaderUtils:83 - Could not detect default configuration classes for test class [com.example.restservice.bookings.BookingControllerTest]: BookingControllerTest does not declare any static, non-private, non-final, nested classes annotated with @Configuration.
2025-07-09 11:35:17 INFO  SpringBootTestContextBootstrapper:234 - Found @SpringBootConfiguration com.example.restservice.Application for test class com.example.restservice.bookings.BookingControllerTest
2025-07-09 11:35:17 INFO  PullPolicy:59 - Image pull policy will be performed by: DefaultPullPolicy()
2025-07-09 11:35:17 INFO  ImageNameSubstitutor:55 - Image name substitution will be performed by: DefaultImageNameSubstitutor (composite of 'ConfigurationFileImageNameSubstitutor' and 'PrefixingImageNameSubstitutor')
2025-07-09 11:35:17 INFO  DockerClientFactory:150 - Testcontainers version: 1.21.2
2025-07-09 11:35:17 INFO  DockerClientProviderStrategy:380 - Loaded org.testcontainers.dockerclient.UnixSocketClientProviderStrategy from ~/.testcontainers.properties, will try it first
2025-07-09 11:35:17 INFO  DockerClientProviderStrategy:290 - Found Docker environment with Docker accessed via Unix socket (/Users/anthonyikeda/.docker/run/docker.sock)
2025-07-09 11:35:17 INFO  DockerClientFactory:208 - Docker host IP address is localhost
2025-07-09 11:35:17 INFO  DockerClientFactory:241 - Connected to docker: 
  Server Version: 28.2.2
  API Version: 1.50
  Operating System: Docker Desktop
  Total Memory: 7837 MB
  Labels: 
    com.docker.desktop.address=unix:///Users/anthonyikeda/Library/Containers/com.docker.docker/Data/docker-cli.sock
2025-07-09 11:35:17 INFO  0:379 - Creating container for image: testcontainers/ryuk:0.12.0
2025-07-09 11:35:19 INFO  0:443 - Container testcontainers/ryuk:0.12.0 is starting: 25b6c27c6a104bf45149a72ed0341a14bea1fd88ade7b4b1c903c1867c9693c5
2025-07-09 11:35:19 INFO  0:533 - Container testcontainers/ryuk:0.12.0 started in PT2.239852S
2025-07-09 11:35:19 INFO  RyukResourceReaper:43 - Ryuk started - will monitor and terminate Testcontainers containers on JVM exit
2025-07-09 11:35:19 INFO  DockerClientFactory:256 - Checking the system...
2025-07-09 11:35:19 INFO  DockerClientFactory:277 - ✔︎ Docker server version should be at least 1.6.0
2025-07-09 11:35:19 INFO  postgres:14:379 - Creating container for image: postgres:14
2025-07-09 11:35:19 INFO  postgres:14:443 - Container postgres:14 is starting: d6515d75c5a44377a6498352abfbf7e5c9837434a36f8f8317fa8ecb0e40797d
2025-07-09 11:35:20 INFO  postgres:14:533 - Container postgres:14 started in PT0.962687S
2025-07-09 11:35:20 INFO  postgres:14:220 - Container is started (JDBC URL: jdbc:postgresql://localhost:52949/bookings_db?loggerLevel=OFF)
2025-07-09 11:35:20 INFO  BookingControllerTest:53 - Starting BookingControllerTest using Java 24 with PID 51040 (started by anthonyikeda in /Users/anthonyikeda/work/git/chatty-api)
2025-07-09 11:35:20 INFO  BookingControllerTest:53 - Starting BookingControllerTest using Java 24 with PID 51040 (started by anthonyikeda in /Users/anthonyikeda/work/git/chatty-api)
2025-07-09 11:35:20 DEBUG BookingControllerTest:54 - Running with Spring Boot v3.5.3, Spring v6.2.8
2025-07-09 11:35:20 DEBUG BookingControllerTest:54 - Running with Spring Boot v3.5.3, Spring v6.2.8
2025-07-09 11:35:20 INFO  BookingControllerTest:652 - No active profile set, falling back to 1 default profile: "default"
2025-07-09 11:35:20 INFO  BookingControllerTest:652 - No active profile set, falling back to 1 default profile: "default"
2025-07-09 11:35:21 INFO  RepositoryConfigurationDelegate:145 - Bootstrapping Spring Data JPA repositories in DEFAULT mode.
2025-07-09 11:35:21 INFO  RepositoryConfigurationDelegate:213 - Finished Spring Data repository scanning in 66 ms. Found 6 JPA repository interfaces.
2025-07-09 11:35:22 INFO  TomcatWebServer:111 - Tomcat initialized with port 0 (http)
2025-07-09 11:35:22 INFO  Http11NioProtocol:168 - Initializing ProtocolHandler ["http-nio-auto-1"]
2025-07-09 11:35:22 INFO  StandardService:168 - Starting service [Tomcat]
2025-07-09 11:35:22 INFO  StandardEngine:168 - Starting Servlet engine: [Apache Tomcat/10.1.42]
2025-07-09 11:35:22 INFO  [/]:168 - Initializing Spring embedded WebApplicationContext
2025-07-09 11:35:22 INFO  ServletWebServerApplicationContext:301 - Root WebApplicationContext: initialization completed in 1331 ms
2025-07-09 11:35:22 INFO  HikariDataSource:109 - HikariPool-1 - Starting...
2025-07-09 11:35:22 INFO  HikariPool:575 - HikariPool-1 - Added connection org.postgresql.jdbc.PgConnection@369f85c6
2025-07-09 11:35:22 INFO  HikariDataSource:122 - HikariPool-1 - Start completed.
2025-07-09 11:35:22 INFO  LogHelper:31 - HHH000204: Processing PersistenceUnitInfo [name: default]
2025-07-09 11:35:22 INFO  Version:44 - HHH000412: Hibernate ORM core version 6.6.18.Final
2025-07-09 11:35:22 INFO  RegionFactoryInitiator:50 - HHH000026: Second-level cache disabled
2025-07-09 11:35:22 INFO  SpringPersistenceUnitInfo:87 - No LoadTimeWeaver setup: ignoring JPA class transformer
2025-07-09 11:35:22 WARN  deprecation:153 - HHH90000025: PostgreSQLDialect does not need to be specified explicitly using 'hibernate.dialect' (remove the property setting and it will be selected by default)
2025-07-09 11:35:22 INFO  pooling:163 - HHH10001005: Database info:
	Database JDBC URL [Connecting through datasource 'HikariDataSource (HikariPool-1)']
	Database driver: undefined/unknown
	Database version: 14.8
	Autocommit mode: undefined/unknown
	Isolation level: undefined/unknown
	Minimum pool size: undefined/unknown
	Maximum pool size: undefined/unknown
2025-07-09 11:35:22 INFO  JtaPlatformInitiator:59 - HHH000489: No JTA platform available (set 'hibernate.transaction.jta.platform' to enable JTA platform integration)
2025-07-09 11:35:22 INFO  LocalContainerEntityManagerFactoryBean:447 - Initialized JPA EntityManagerFactory for persistence unit 'default'
2025-07-09 11:35:23 INFO  QueryEnhancerFactory:49 - Hibernate is in classpath; If applicable, HQL parser will be used.
2025-07-09 11:35:23 WARN  JpaBaseConfiguration$JpaWebConfiguration:258 - spring.jpa.open-in-view is enabled by default. Therefore, database queries may be performed during view rendering. Explicitly configure spring.jpa.open-in-view to disable this warning
2025-07-09 11:35:23 INFO  EndpointLinksResolver:60 - Exposing 1 endpoint beneath base path '/actuator'
2025-07-09 11:35:23 INFO  [/]:168 - Initializing Spring TestDispatcherServlet ''
2025-07-09 11:35:23 INFO  TestDispatcherServlet:532 - Initializing Servlet ''
2025-07-09 11:35:23 INFO  TestDispatcherServlet:554 - Completed initialization in 0 ms
2025-07-09 11:35:23 INFO  Http11NioProtocol:168 - Starting ProtocolHandler ["http-nio-auto-1"]
2025-07-09 11:35:23 INFO  TomcatWebServer:243 - Tomcat started on port 52984 (http) with context path '/'
2025-07-09 11:35:23 INFO  BookingControllerTest:59 - Started BookingControllerTest in 3.158 seconds (process running for 7.289)
2025-07-09 11:35:23 INFO  BookingControllerTest:59 - Started BookingControllerTest in 3.158 seconds (process running for 7.289)
2025-07-09 11:35:23 DEBUG BookingControllerTest:135 - Body: {"email":"peter.garrison@gmail.com","start_date":"2025-12-07","end_date":"2025-12-15","destination_id":3}
2025-07-09 11:35:23 DEBUG BookingControllerTest:135 - Body: {"email":"peter.garrison@gmail.com","start_date":"2025-12-07","end_date":"2025-12-15","destination_id":3}
2025-07-09 11:35:24 INFO  BookingController:46 - Creating booking for peter.garrison@gmail.com
2025-07-09 11:35:24 INFO  BookingController:46 - Creating booking for peter.garrison@gmail.com
2025-07-09 11:35:24 DEBUG BookingController:34 - Loading bookings for customer 3
2025-07-09 11:35:24 DEBUG BookingController:34 - Loading bookings for customer 3
2025-07-09 11:35:24 INFO  AnnotationConfigContextLoaderUtils:83 - Could not detect default configuration classes for test class [com.example.restservice.bookings.DestinationsControllerTest]: DestinationsControllerTest does not declare any static, non-private, non-final, nested classes annotated with @Configuration.
2025-07-09 11:35:24 INFO  SpringBootTestContextBootstrapper:234 - Found @SpringBootConfiguration com.example.restservice.Application for test class com.example.restservice.bookings.DestinationsControllerTest
2025-07-09 11:35:24 INFO  postgres:14:379 - Creating container for image: postgres:14
2025-07-09 11:35:24 INFO  postgres:14:443 - Container postgres:14 is starting: 0a6b53ddbb31a20cbce98c54e7af0c9361dfc68ccd45d825cf12417923b7e79b
2025-07-09 11:35:25 INFO  postgres:14:533 - Container postgres:14 started in PT0.748144S
2025-07-09 11:35:25 INFO  postgres:14:220 - Container is started (JDBC URL: jdbc:postgresql://localhost:52985/bookings_db?loggerLevel=OFF)
2025-07-09 11:35:25 INFO  DestinationsControllerTest:53 - Starting DestinationsControllerTest using Java 24 with PID 51040 (started by anthonyikeda in /Users/anthonyikeda/work/git/chatty-api)
2025-07-09 11:35:25 INFO  DestinationsControllerTest:53 - Starting DestinationsControllerTest using Java 24 with PID 51040 (started by anthonyikeda in /Users/anthonyikeda/work/git/chatty-api)
2025-07-09 11:35:25 DEBUG DestinationsControllerTest:54 - Running with Spring Boot v3.5.3, Spring v6.2.8
2025-07-09 11:35:25 DEBUG DestinationsControllerTest:54 - Running with Spring Boot v3.5.3, Spring v6.2.8
2025-07-09 11:35:25 INFO  DestinationsControllerTest:652 - No active profile set, falling back to 1 default profile: "default"
2025-07-09 11:35:25 INFO  DestinationsControllerTest:652 - No active profile set, falling back to 1 default profile: "default"
2025-07-09 11:35:25 INFO  RepositoryConfigurationDelegate:145 - Bootstrapping Spring Data JPA repositories in DEFAULT mode.
2025-07-09 11:35:25 INFO  RepositoryConfigurationDelegate:213 - Finished Spring Data repository scanning in 4 ms. Found 6 JPA repository interfaces.
2025-07-09 11:35:25 INFO  TomcatWebServer:111 - Tomcat initialized with port 0 (http)
2025-07-09 11:35:25 INFO  Http11NioProtocol:168 - Initializing ProtocolHandler ["http-nio-auto-2"]
2025-07-09 11:35:25 INFO  StandardService:168 - Starting service [Tomcat]
2025-07-09 11:35:25 INFO  StandardEngine:168 - Starting Servlet engine: [Apache Tomcat/10.1.42]
2025-07-09 11:35:25 INFO  [/]:168 - Initializing Spring embedded WebApplicationContext
2025-07-09 11:35:25 INFO  ServletWebServerApplicationContext:301 - Root WebApplicationContext: initialization completed in 191 ms
2025-07-09 11:35:25 INFO  HikariDataSource:109 - HikariPool-2 - Starting...
2025-07-09 11:35:25 INFO  HikariPool:575 - HikariPool-2 - Added connection org.postgresql.jdbc.PgConnection@31cf5483
2025-07-09 11:35:25 INFO  HikariDataSource:122 - HikariPool-2 - Start completed.
2025-07-09 11:35:25 INFO  LogHelper:31 - HHH000204: Processing PersistenceUnitInfo [name: default]
2025-07-09 11:35:25 INFO  RegionFactoryInitiator:50 - HHH000026: Second-level cache disabled
2025-07-09 11:35:25 INFO  SpringPersistenceUnitInfo:87 - No LoadTimeWeaver setup: ignoring JPA class transformer
2025-07-09 11:35:25 WARN  deprecation:153 - HHH90000025: PostgreSQLDialect does not need to be specified explicitly using 'hibernate.dialect' (remove the property setting and it will be selected by default)
2025-07-09 11:35:25 INFO  pooling:163 - HHH10001005: Database info:
	Database JDBC URL [Connecting through datasource 'HikariDataSource (HikariPool-2)']
	Database driver: undefined/unknown
	Database version: 14.8
	Autocommit mode: undefined/unknown
	Isolation level: undefined/unknown
	Minimum pool size: undefined/unknown
	Maximum pool size: undefined/unknown
2025-07-09 11:35:25 INFO  JtaPlatformInitiator:59 - HHH000489: No JTA platform available (set 'hibernate.transaction.jta.platform' to enable JTA platform integration)
2025-07-09 11:35:25 INFO  LocalContainerEntityManagerFactoryBean:447 - Initialized JPA EntityManagerFactory for persistence unit 'default'
2025-07-09 11:35:25 WARN  JpaBaseConfiguration$JpaWebConfiguration:258 - spring.jpa.open-in-view is enabled by default. Therefore, database queries may be performed during view rendering. Explicitly configure spring.jpa.open-in-view to disable this warning
2025-07-09 11:35:25 INFO  EndpointLinksResolver:60 - Exposing 1 endpoint beneath base path '/actuator'
2025-07-09 11:35:25 INFO  [/]:168 - Initializing Spring TestDispatcherServlet ''
2025-07-09 11:35:25 INFO  TestDispatcherServlet:532 - Initializing Servlet ''
2025-07-09 11:35:25 INFO  TestDispatcherServlet:554 - Completed initialization in 0 ms
2025-07-09 11:35:25 INFO  Http11NioProtocol:168 - Starting ProtocolHandler ["http-nio-auto-2"]
2025-07-09 11:35:25 INFO  TomcatWebServer:243 - Tomcat started on port 52993 (http) with context path '/'
2025-07-09 11:35:25 INFO  DestinationsControllerTest:59 - Started DestinationsControllerTest in 0.467 seconds (process running for 8.887)
2025-07-09 11:35:25 INFO  DestinationsControllerTest:59 - Started DestinationsControllerTest in 0.467 seconds (process running for 8.887)
2025-07-09 11:35:25 INFO  GracefulShutdown:54 - Commencing graceful shutdown. Waiting for active requests to complete
2025-07-09 11:35:27 INFO  GracefulShutdown:76 - Graceful shutdown complete
2025-07-09 11:35:27 INFO  SocketIOConfig:50 - Shutting down SocketIO Server...
2025-07-09 11:35:27 INFO  SocketIOConfig:50 - Shutting down SocketIO Server...
2025-07-09 11:35:27 WARN  CommonAnnotationBeanPostProcessor:247 - Destroy method on bean with name 'socketIOConfig' threw an exception: java.lang.NullPointerException: Cannot invoke "com.corundumstudio.socketio.SocketIOServer.stop()" because "this.server" is null
2025-07-09 11:35:27 INFO  LocalContainerEntityManagerFactoryBean:660 - Closing JPA EntityManagerFactory for persistence unit 'default'
2025-07-09 11:35:27 INFO  HikariDataSource:349 - HikariPool-1 - Shutdown initiated...
2025-07-09 11:35:27 INFO  HikariDataSource:351 - HikariPool-1 - Shutdown completed.
2025-07-09 11:35:27 INFO  GracefulShutdown:54 - Commencing graceful shutdown. Waiting for active requests to complete
2025-07-09 11:35:29 INFO  GracefulShutdown:76 - Graceful shutdown complete
2025-07-09 11:35:29 INFO  SocketIOConfig:50 - Shutting down SocketIO Server...
2025-07-09 11:35:29 INFO  SocketIOConfig:50 - Shutting down SocketIO Server...
2025-07-09 11:35:29 WARN  CommonAnnotationBeanPostProcessor:247 - Destroy method on bean with name 'socketIOConfig' threw an exception: java.lang.NullPointerException: Cannot invoke "com.corundumstudio.socketio.SocketIOServer.stop()" because "this.server" is null
2025-07-09 11:35:29 INFO  LocalContainerEntityManagerFactoryBean:660 - Closing JPA EntityManagerFactory for persistence unit 'default'
2025-07-09 11:35:29 INFO  HikariDataSource:349 - HikariPool-2 - Shutdown initiated...
2025-07-09 11:35:30 INFO  HikariDataSource:351 - HikariPool-2 - Shutdown completed.
2025-07-09 11:35:31 INFO  Application:53 - Starting Application using Java 24 with PID 51126 (/Users/anthonyikeda/work/git/chatty-api/target/classes started by anthonyikeda in /Users/anthonyikeda/work/git/chatty-api)
2025-07-09 11:35:31 INFO  Application:53 - Starting Application using Java 24 with PID 51126 (/Users/anthonyikeda/work/git/chatty-api/target/classes started by anthonyikeda in /Users/anthonyikeda/work/git/chatty-api)
2025-07-09 11:35:31 DEBUG Application:54 - Running with Spring Boot v3.5.3, Spring v6.2.8
2025-07-09 11:35:31 DEBUG Application:54 - Running with Spring Boot v3.5.3, Spring v6.2.8
2025-07-09 11:35:31 INFO  Application:652 - No active profile set, falling back to 1 default profile: "default"
2025-07-09 11:35:31 INFO  Application:652 - No active profile set, falling back to 1 default profile: "default"
2025-07-09 11:35:32 INFO  RepositoryConfigurationDelegate:145 - Bootstrapping Spring Data JPA repositories in DEFAULT mode.
2025-07-09 11:35:32 INFO  RepositoryConfigurationDelegate:213 - Finished Spring Data repository scanning in 57 ms. Found 6 JPA repository interfaces.
