2025-07-10 13:27:36 INFO  c.e.r.Application:53 = Starting Application using Java 24 with PID 91859 (/Users/anthonyikeda/work/git/chatty-api/target/classes started by anthonyikeda in /Users/anthonyikeda/work/git/chatty-api)
2025-07-10 13:27:36 DEBUG c.e.r.Application:54 = Running with Spring Boot v3.5.3, Spring v6.2.8
2025-07-10 13:27:36 INFO  c.e.r.Application:652 = No active profile set, falling back to 1 default profile: "default"
2025-07-10 13:27:38 INFO  c.e.r.SocketIOConfig:41 = Client connected: c2932970-1bb9-42e0-a359-eb041955f6fd
2025-07-10 13:27:38 INFO  c.e.r.Application:59 = Started Application in 2.687 seconds (process running for 2.831)
2025-07-10 13:27:39 INFO  c.e.r.SocketIOConfig:41 = Client connected: 67ced349-ce54-437c-98ad-41770ca98c21
2025-07-10 13:27:39 INFO  c.e.r.SocketIOConfig:41 = Client connected: ab617914-6c8a-4b46-8cc0-0d72180f6a1b
2025-07-10 13:27:40 INFO  c.e.r.SocketIOConfig:41 = Client connected: 22785d57-d06d-46ac-bf1b-88bd0f7be8f1
2025-07-10 13:27:40 INFO  c.e.r.SocketIOConfig:41 = Client connected: 12e362f5-4474-458a-a8ab-2a8e044ebe44
2025-07-10 13:27:40 INFO  c.e.r.SocketIOConfig:41 = Client connected: e379299f-5933-44eb-89af-6a01bb71382f
2025-07-10 13:27:40 INFO  c.e.r.SocketIOConfig:41 = Client connected: e3c4a058-7589-4be1-9b47-198d970d08aa
2025-07-10 13:27:41 INFO  c.e.r.SocketIOConfig:41 = Client connected: f5226a05-4754-41d1-962e-591a2495453f
2025-07-10 13:27:41 INFO  c.e.r.SocketIOConfig:41 = Client connected: 5d624072-0772-4216-9e01-d0822adaf832
2025-07-10 13:27:42 INFO  c.e.r.SocketIOConfig:41 = Client connected: 0ce62d87-0980-41cc-9a9a-9b80b0d501c2
2025-07-10 13:27:43 INFO  c.e.r.SocketIOConfig:41 = Client connected: 1a332f94-3bdb-465a-b22c-9f523659ccbb
2025-07-10 13:27:50 INFO  c.e.r.SocketIOConfig:50 = Shutting down SocketIO Server...
2025-07-10 13:27:52 INFO  c.e.r.SocketIOConfig:42 = Client disconnected: c2932970-1bb9-42e0-a359-eb041955f6fd
2025-07-10 13:27:52 INFO  c.e.r.SocketIOConfig:42 = Client disconnected: ab617914-6c8a-4b46-8cc0-0d72180f6a1b
2025-07-10 13:27:52 INFO  c.e.r.SocketIOConfig:42 = Client disconnected: e379299f-5933-44eb-89af-6a01bb71382f
2025-07-10 13:27:52 INFO  c.e.r.SocketIOConfig:42 = Client disconnected: 1a332f94-3bdb-465a-b22c-9f523659ccbb
2025-07-10 13:27:52 INFO  c.e.r.SocketIOConfig:42 = Client disconnected: f5226a05-4754-41d1-962e-591a2495453f
2025-07-10 13:27:52 INFO  c.e.r.SocketIOConfig:42 = Client disconnected: e3c4a058-7589-4be1-9b47-198d970d08aa
2025-07-10 13:27:52 INFO  c.e.r.SocketIOConfig:42 = Client disconnected: 0ce62d87-0980-41cc-9a9a-9b80b0d501c2
2025-07-10 13:27:52 INFO  c.e.r.SocketIOConfig:42 = Client disconnected: 22785d57-d06d-46ac-bf1b-88bd0f7be8f1
2025-07-10 13:27:52 INFO  c.e.r.SocketIOConfig:42 = Client disconnected: 5d624072-0772-4216-9e01-d0822adaf832
2025-07-10 13:27:52 INFO  c.e.r.SocketIOConfig:42 = Client disconnected: 12e362f5-4474-458a-a8ab-2a8e044ebe44
2025-07-10 13:27:52 INFO  c.e.r.SocketIOConfig:42 = Client disconnected: 67ced349-ce54-437c-98ad-41770ca98c21
2025-07-10 13:27:54 INFO  c.e.r.SocketIOConfig:52 = SocketIO Server shut down...
